This file contains any messages produced by compilers while
running configure, to aid debugging if configure makes a mistake.

It was created by configure, which was
generated by GNU Autoconf 2.68.  Invocation command line was

  $ ./configure 

## --------- ##
## Platform. ##
## --------- ##

hostname = diode
uname -m = i686
uname -r = 2.6.38-2-686
uname -s = Linux
uname -v = #1 SMP Thu Apr 7 05:24:21 UTC 2011

/usr/bin/uname -p = unknown
/bin/uname -X     = unknown

/bin/arch              = unknown
/usr/bin/arch -k       = unknown
/usr/convex/getsysinfo = unknown
/usr/bin/hostinfo      = unknown
/bin/machine           = unknown
/usr/bin/oslevel       = unknown
/bin/universe          = unknown

PATH: /usr/local/bin
PATH: /usr/bin
PATH: /bin
PATH: /usr/local/games
PATH: /usr/games
PATH: /usr/local/sbin
PATH: /usr/local/bin
PATH: /usr/sbin
PATH: /usr/bin
PATH: /sbin
PATH: /bin
PATH: /usr/games
PATH: /opt/gbdk/bin/
PATH: /opt/devkitPro/devkitARM/bin/
PATH: /opt/mipsel-linux-uclibc/bin
PATH: /opt/mipsel-linux-uclibc/usr/bin
PATH: /home/zako/Apps/scripts
PATH: /home/zako/Apps/eagle-5.9.0/bin
PATH: /home/zako/Apps/picc-18/pro/9.63PL3/bin
PATH: /home/zako/Apps/CodeSourcery/Sourcery_G++_Lite/bin


## ----------- ##
## Core tests. ##
## ----------- ##

configure:2292: checking for a BSD-compatible install
configure:2360: result: /usr/bin/install -c
configure:2371: checking whether build environment is sane
configure:2421: result: yes
configure:2562: checking for a thread-safe mkdir -p
configure:2601: result: /bin/mkdir -p
configure:2614: checking for gawk
configure:2644: result: no
configure:2614: checking for mawk
configure:2630: found /usr/bin/mawk
configure:2641: result: mawk
configure:2652: checking whether make sets $(MAKE)
configure:2674: result: yes
configure:2756: checking whether to enable maintainer-specific portions of Makefiles
configure:2765: result: no
configure:2779: checking whether NLS is requested
configure:2788: result: yes
configure:2804: checking for style of include used by make
configure:2832: result: GNU
configure:2902: checking for gcc
configure:2918: found /usr/bin/gcc
configure:2929: result: gcc
configure:3158: checking for C compiler version
configure:3167: gcc --version >&5
gcc (Debian 4.5.2-11) 4.5.2
Copyright (C) 2010 Free Software Foundation, Inc.
This is free software; see the source for copying conditions.  There is NO
warranty; not even for MERCHANTABILITY or FITNESS FOR A PARTICULAR PURPOSE.

configure:3178: $? = 0
configure:3167: gcc -v >&5
Using built-in specs.
COLLECT_GCC=gcc
COLLECT_LTO_WRAPPER=/usr/lib/gcc/i486-linux-gnu/4.5.2/lto-wrapper
Target: i486-linux-gnu
Configured with: ../src/configure -v --with-pkgversion='Debian 4.5.2-11' --with-bugurl=file:///usr/share/doc/gcc-4.5/README.Bugs --enable-languages=c,c++,fortran,objc,obj-c++ --prefix=/usr --program-suffix=-4.5 --enable-shared --enable-multiarch --with-multiarch-defaults=i386-linux-gnu --enable-linker-build-id --with-system-zlib --libexecdir=/usr/lib --without-included-gettext --enable-threads=posix --with-gxx-include-dir=/usr/include/c++/4.5 --libdir=/usr/lib --enable-nls --enable-clocale=gnu --enable-libstdcxx-debug --enable-libstdcxx-time=yes --enable-plugin --enable-gold --enable-ld=default --with-plugin-ld=ld.gold --enable-objc-gc --enable-targets=all --with-arch-32=i586 --with-tune=generic --enable-checking=release --build=i486-linux-gnu --host=i486-linux-gnu --target=i486-linux-gnu
Thread model: posix
gcc version 4.5.2 (Debian 4.5.2-11) 
configure:3178: $? = 0
configure:3167: gcc -V >&5
gcc: '-V' option must have argument
configure:3178: $? = 1
configure:3167: gcc -qversion >&5
gcc: unrecognized option '-qversion'
gcc: no input files
configure:3178: $? = 1
configure:3198: checking whether the C compiler works
configure:3220: gcc    conftest.c  >&5
configure:3224: $? = 0
configure:3272: result: yes
configure:3275: checking for C compiler default output file name
configure:3277: result: a.out
configure:3283: checking for suffix of executables
configure:3290: gcc -o conftest    conftest.c  >&5
configure:3294: $? = 0
configure:3316: result: 
configure:3338: checking whether we are cross compiling
configure:3346: gcc -o conftest    conftest.c  >&5
configure:3350: $? = 0
configure:3357: ./conftest
configure:3361: $? = 0
configure:3376: result: no
configure:3381: checking for suffix of object files
configure:3403: gcc -c   conftest.c >&5
configure:3407: $? = 0
configure:3428: result: o
configure:3432: checking whether we are using the GNU C compiler
configure:3451: gcc -c   conftest.c >&5
configure:3451: $? = 0
configure:3460: result: yes
configure:3469: checking whether gcc accepts -g
configure:3489: gcc -c -g  conftest.c >&5
configure:3489: $? = 0
configure:3530: result: yes
configure:3547: checking for gcc option to accept ISO C89
configure:3611: gcc  -c -g -O2  conftest.c >&5
configure:3611: $? = 0
configure:3624: result: none needed
configure:3646: checking dependency style of gcc
configure:3756: result: gcc3
configure:3783: checking for intltool >= 0.21
configure:3790: result: 0.41.1 found
configure:3798: checking for intltool-update
configure:3816: found /usr/bin/intltool-update
configure:3828: result: /usr/bin/intltool-update
configure:3838: checking for intltool-merge
configure:3856: found /usr/bin/intltool-merge
configure:3868: result: /usr/bin/intltool-merge
configure:3878: checking for intltool-extract
configure:3896: found /usr/bin/intltool-extract
configure:3908: result: /usr/bin/intltool-extract
configure:4039: checking for xgettext
configure:4057: found /usr/bin/xgettext
configure:4069: result: /usr/bin/xgettext
configure:4079: checking for msgmerge
configure:4097: found /usr/bin/msgmerge
configure:4109: result: /usr/bin/msgmerge
configure:4119: checking for msgfmt
configure:4137: found /usr/bin/msgfmt
configure:4149: result: /usr/bin/msgfmt
configure:4159: checking for gmsgfmt
configure:4190: result: /usr/bin/msgfmt
configure:4210: checking for perl
configure:4228: found /usr/bin/perl
configure:4240: result: /usr/bin/perl
configure:4251: checking for perl >= 5.8.1
configure:4258: result: 5.10.1
configure:4262: checking for XML::Parser
configure:4265: result: ok
configure:4290: gcc -o conftest -g -O2   conftest.c  >&5
configure:4290: $? = 0
configure:4366: checking for gcc
configure:4393: result: gcc
configure:4622: checking for C compiler version
configure:4631: gcc --version >&5
gcc (Debian 4.5.2-11) 4.5.2
Copyright (C) 2010 Free Software Foundation, Inc.
This is free software; see the source for copying conditions.  There is NO
warranty; not even for MERCHANTABILITY or FITNESS FOR A PARTICULAR PURPOSE.

configure:4642: $? = 0
configure:4631: gcc -v >&5
Using built-in specs.
COLLECT_GCC=gcc
COLLECT_LTO_WRAPPER=/usr/lib/gcc/i486-linux-gnu/4.5.2/lto-wrapper
Target: i486-linux-gnu
Configured with: ../src/configure -v --with-pkgversion='Debian 4.5.2-11' --with-bugurl=file:///usr/share/doc/gcc-4.5/README.Bugs --enable-languages=c,c++,fortran,objc,obj-c++ --prefix=/usr --program-suffix=-4.5 --enable-shared --enable-multiarch --with-multiarch-defaults=i386-linux-gnu --enable-linker-build-id --with-system-zlib --libexecdir=/usr/lib --without-included-gettext --enable-threads=posix --with-gxx-include-dir=/usr/include/c++/4.5 --libdir=/usr/lib --enable-nls --enable-clocale=gnu --enable-libstdcxx-debug --enable-libstdcxx-time=yes --enable-plugin --enable-gold --enable-ld=default --with-plugin-ld=ld.gold --enable-objc-gc --enable-targets=all --with-arch-32=i586 --with-tune=generic --enable-checking=release --build=i486-linux-gnu --host=i486-linux-gnu --target=i486-linux-gnu
Thread model: posix
gcc version 4.5.2 (Debian 4.5.2-11) 
configure:4642: $? = 0
configure:4631: gcc -V >&5
gcc: '-V' option must have argument
configure:4642: $? = 1
configure:4631: gcc -qversion >&5
gcc: unrecognized option '-qversion'
gcc: no input files
configure:4642: $? = 1
configure:4646: checking whether we are using the GNU C compiler
configure:4674: result: yes
configure:4683: checking whether gcc accepts -g
configure:4744: result: yes
configure:4761: checking for gcc option to accept ISO C89
configure:4838: result: none needed
configure:4860: checking dependency style of gcc
configure:4970: result: gcc3
configure:4985: checking for library containing strerror
configure:5016: gcc -o conftest -g -O2   conftest.c  >&5
configure:5016: $? = 0
configure:5033: result: none required
configure:5046: checking how to run the C preprocessor
configure:5077: gcc -E  conftest.c
configure:5077: $? = 0
configure:5091: gcc -E  conftest.c
conftest.c:11:28: fatal error: ac_nonexistent.h: No such file or directory
compilation terminated.
configure:5091: $? = 1
configure: failed program was:
| /* confdefs.h */
| #define PACKAGE_NAME ""
| #define PACKAGE_TARNAME ""
| #define PACKAGE_VERSION ""
| #define PACKAGE_STRING ""
| #define PACKAGE_BUGREPORT ""
| #define PACKAGE_URL ""
| #define PACKAGE "gpredict"
| #define VERSION "1.3"
| /* end confdefs.h.  */
| #include <ac_nonexistent.h>
configure:5116: result: gcc -E
configure:5136: gcc -E  conftest.c
configure:5136: $? = 0
configure:5150: gcc -E  conftest.c
conftest.c:11:28: fatal error: ac_nonexistent.h: No such file or directory
compilation terminated.
configure:5150: $? = 1
configure: failed program was:
| /* confdefs.h */
| #define PACKAGE_NAME ""
| #define PACKAGE_TARNAME ""
| #define PACKAGE_VERSION ""
| #define PACKAGE_STRING ""
| #define PACKAGE_BUGREPORT ""
| #define PACKAGE_URL ""
| #define PACKAGE "gpredict"
| #define VERSION "1.3"
| /* end confdefs.h.  */
| #include <ac_nonexistent.h>
configure:5179: checking for grep that handles long lines and -e
configure:5237: result: /bin/grep
configure:5242: checking for egrep
configure:5304: result: /bin/grep -E
configure:5309: checking for ANSI C header files
configure:5329: gcc -c -g -O2  conftest.c >&5
configure:5329: $? = 0
configure:5402: gcc -o conftest -g -O2   conftest.c  >&5
configure:5402: $? = 0
configure:5402: ./conftest
configure:5402: $? = 0
configure:5413: result: yes
configure:5450: checking build system type
configure:5464: result: i686-pc-linux-gnu
configure:5484: checking host system type
configure:5497: result: i686-pc-linux-gnu
configure:5538: checking how to print strings
configure:5565: result: printf
configure:5586: checking for a sed that does not truncate output
configure:5650: result: /bin/sed
configure:5668: checking for fgrep
configure:5730: result: /bin/grep -F
configure:5765: checking for ld used by gcc
configure:5832: result: /usr/bin/ld
configure:5839: checking if the linker (/usr/bin/ld) is GNU ld
configure:5854: result: yes
configure:5866: checking for BSD- or MS-compatible name lister (nm)
configure:5915: result: /usr/bin/nm -B
configure:6045: checking the name lister (/usr/bin/nm -B) interface
configure:6052: gcc -c -g -O2  conftest.c >&5
configure:6055: /usr/bin/nm -B "conftest.o"
configure:6058: output
00000000 B some_variable
configure:6065: result: BSD nm
configure:6068: checking whether ln -s works
configure:6072: result: yes
configure:6080: checking the maximum length of command line arguments
configure:6205: result: 1572864
configure:6222: checking whether the shell understands some XSI constructs
configure:6232: result: yes
configure:6236: checking whether the shell understands "+="
configure:6242: result: yes
configure:6277: checking how to convert i686-pc-linux-gnu file names to i686-pc-linux-gnu format
configure:6317: result: func_convert_file_noop
configure:6324: checking how to convert i686-pc-linux-gnu file names to toolchain format
configure:6344: result: func_convert_file_noop
configure:6351: checking for /usr/bin/ld option to reload object files
configure:6358: result: -r
configure:6432: checking for objdump
configure:6448: found /usr/bin/objdump
configure:6459: result: objdump
configure:6491: checking how to recognize dependent libraries
configure:6693: result: pass_all
configure:6778: checking for dlltool
configure:6808: result: no
configure:6838: checking how to associate runtime and link libraries
configure:6865: result: printf %s\n
configure:6925: checking for ar
configure:6941: found /usr/bin/ar
configure:6952: result: ar
configure:6989: checking for archiver @FILE support
configure:7006: gcc -c -g -O2  conftest.c >&5
configure:7006: $? = 0
configure:7009: ar cru libconftest.a @conftest.lst >&5
configure:7012: $? = 0
configure:7017: ar cru libconftest.a @conftest.lst >&5
ar: conftest.o: No such file or directory
configure:7020: $? = 1
configure:7032: result: @
configure:7090: checking for strip
configure:7106: found /usr/bin/strip
configure:7117: result: strip
configure:7189: checking for ranlib
configure:7205: found /usr/bin/ranlib
configure:7216: result: ranlib
configure:7318: checking command to parse /usr/bin/nm -B output from gcc object
configure:7437: gcc -c -g -O2  conftest.c >&5
configure:7440: $? = 0
configure:7444: /usr/bin/nm -B conftest.o \| sed -n -e 's/^.*[ ]\([ABCDGIRSTW][ABCDGIRSTW]*\)[ ][ ]*\([_A-Za-z][_A-Za-z0-9]*\)$/\1 \2 \2/p' | sed '/ __gnu_lto/d' \> conftest.nm
configure:7447: $? = 0
configure:7513: gcc -o conftest -g -O2   conftest.c conftstm.o >&5
configure:7516: $? = 0
configure:7554: result: ok
configure:7591: checking for sysroot
configure:7621: result: no
configure:7864: checking for mt
configure:7880: found /bin/mt
configure:7891: result: mt
configure:7914: checking if mt is a manifest tool
configure:7920: mt '-?'
configure:7928: result: no
configure:8560: checking for sys/types.h
configure:8560: gcc -c -g -O2  conftest.c >&5
configure:8560: $? = 0
configure:8560: result: yes
configure:8560: checking for sys/stat.h
configure:8560: gcc -c -g -O2  conftest.c >&5
configure:8560: $? = 0
configure:8560: result: yes
configure:8560: checking for stdlib.h
configure:8560: gcc -c -g -O2  conftest.c >&5
configure:8560: $? = 0
configure:8560: result: yes
configure:8560: checking for string.h
configure:8560: gcc -c -g -O2  conftest.c >&5
configure:8560: $? = 0
configure:8560: result: yes
configure:8560: checking for memory.h
configure:8560: gcc -c -g -O2  conftest.c >&5
configure:8560: $? = 0
configure:8560: result: yes
configure:8560: checking for strings.h
configure:8560: gcc -c -g -O2  conftest.c >&5
configure:8560: $? = 0
configure:8560: result: yes
configure:8560: checking for inttypes.h
configure:8560: gcc -c -g -O2  conftest.c >&5
configure:8560: $? = 0
configure:8560: result: yes
configure:8560: checking for stdint.h
configure:8560: gcc -c -g -O2  conftest.c >&5
configure:8560: $? = 0
configure:8560: result: yes
configure:8560: checking for unistd.h
configure:8560: gcc -c -g -O2  conftest.c >&5
configure:8560: $? = 0
configure:8560: result: yes
configure:8574: checking for dlfcn.h
configure:8574: gcc -c -g -O2  conftest.c >&5
configure:8574: $? = 0
configure:8574: result: yes
configure:8761: checking for objdir
configure:8776: result: .libs
configure:9043: checking if gcc supports -fno-rtti -fno-exceptions
configure:9061: gcc -c -g -O2  -fno-rtti -fno-exceptions conftest.c >&5
cc1: warning: command line option "-fno-rtti" is valid for C++/ObjC++ but not for C
configure:9065: $? = 0
configure:9078: result: no
configure:9388: checking for gcc option to produce PIC
configure:9395: result: -fPIC -DPIC
configure:9403: checking if gcc PIC flag -fPIC -DPIC works
configure:9421: gcc -c -g -O2  -fPIC -DPIC -DPIC conftest.c >&5
configure:9425: $? = 0
configure:9438: result: yes
configure:9467: checking if gcc static flag -static works
configure:9495: result: yes
configure:9510: checking if gcc supports -c -o file.o
configure:9531: gcc -c -g -O2  -o out/conftest2.o conftest.c >&5
configure:9535: $? = 0
configure:9557: result: yes
configure:9565: checking if gcc supports -c -o file.o
configure:9612: result: yes
configure:9645: checking whether the gcc linker (/usr/bin/ld) supports shared libraries
configure:10807: result: yes
configure:10844: checking whether -lc should be explicitly linked in
configure:10852: gcc -c -g -O2  conftest.c >&5
configure:10855: $? = 0
configure:10870: gcc -shared  -fPIC -DPIC conftest.o  -v -Wl,-soname -Wl,conftest -o conftest 2\>\&1 \| /bin/grep  -lc  \>/dev/null 2\>\&1
configure:10873: $? = 0
configure:10887: result: no
configure:11052: checking dynamic linker characteristics
configure:11567: gcc -o conftest -g -O2   -Wl,-rpath -Wl,/foo conftest.c  >&5
configure:11567: $? = 0
configure:11801: result: GNU/Linux ld.so
configure:11908: checking how to hardcode library paths into programs
configure:11933: result: immediate
configure:12473: checking whether stripping libraries is possible
configure:12478: result: yes
configure:12513: checking if libtool supports shared libraries
configure:12515: result: yes
configure:12518: checking whether to build shared libraries
configure:12539: result: yes
configure:12542: checking whether to build static libraries
configure:12546: result: yes
configure:12585: checking sys/time.h usability
configure:12585: gcc -c -g -O2  conftest.c >&5
configure:12585: $? = 0
configure:12585: result: yes
configure:12585: checking sys/time.h presence
configure:12585: gcc -E  conftest.c
configure:12585: $? = 0
configure:12585: result: yes
configure:12585: checking for sys/time.h
configure:12585: result: yes
configure:12585: checking for unistd.h
configure:12585: result: yes
configure:12585: checking getopt.h usability
configure:12585: gcc -c -g -O2  conftest.c >&5
configure:12585: $? = 0
configure:12585: result: yes
configure:12585: checking getopt.h presence
configure:12585: gcc -E  conftest.c
configure:12585: $? = 0
configure:12585: result: yes
configure:12585: checking for getopt.h
configure:12585: result: yes
configure:12600: checking for sin in -lm
configure:12625: gcc -o conftest -g -O2 -Wall   conftest.c -lm   >&5
conftest.c:33:6: warning: conflicting types for built-in function 'sin'
configure:12625: $? = 0
configure:12634: result: yes
configure:12702: checking for pkg-config
configure:12720: found /usr/bin/pkg-config
configure:12732: result: /usr/bin/pkg-config
configure:12757: checking pkg-config is at least version 0.9.0
configure:12760: result: yes
configure:12770: checking for PACKAGE
configure:12777: $PKG_CONFIG --exists --print-errors "$pkg_modules"
configure:12780: $? = 0
configure:12793: $PKG_CONFIG --exists --print-errors "$pkg_modules"
configure:12796: $? = 0
configure:12853: result: yes
configure:12869: checking locale.h usability
configure:12869: gcc -c -g -O2 -Wall  conftest.c >&5
configure:12869: $? = 0
configure:12869: result: yes
configure:12869: checking locale.h presence
configure:12869: gcc -E  conftest.c
configure:12869: $? = 0
configure:12869: result: yes
configure:12869: checking for locale.h
configure:12869: result: yes
configure:12880: checking for LC_MESSAGES
configure:12896: gcc -o conftest -g -O2 -Wall   conftest.c -lm  >&5
configure:12896: $? = 0
configure:12904: result: yes
configure:12921: checking libintl.h usability
configure:12921: gcc -c -g -O2 -Wall  conftest.c >&5
configure:12921: $? = 0
configure:12921: result: yes
configure:12921: checking libintl.h presence
configure:12921: gcc -E  conftest.c
configure:12921: $? = 0
configure:12921: result: yes
configure:12921: checking for libintl.h
configure:12921: result: yes
configure:12929: checking for ngettext in libc
configure:12947: gcc -o conftest -g -O2 -Wall   conftest.c -lm  >&5
configure:12947: $? = 0
configure:12956: result: yes
configure:12960: checking for dgettext in libc
configure:12978: gcc -o conftest -g -O2 -Wall   conftest.c -lm  >&5
configure:12978: $? = 0
configure:12987: result: yes
configure:12994: checking for bind_textdomain_codeset
configure:12994: gcc -o conftest -g -O2 -Wall   conftest.c -lm  >&5
configure:12994: $? = 0
configure:12994: result: yes
configure:13270: checking for msgfmt
configure:13297: result: /usr/bin/msgfmt
configure:13308: checking for dcgettext
configure:13308: gcc -o conftest -g -O2 -Wall   conftest.c -lm   >&5
conftest.c:54:6: warning: conflicting types for built-in function 'dcgettext'
configure:13308: $? = 0
configure:13308: result: yes
configure:13318: checking if msgfmt accepts -c
configure:13333: $MSGFMT -c -o /dev/null conftest.foo
configure:13336: $? = 0
configure:13338: result: yes
configure:13348: checking for gmsgfmt
configure:13379: result: /usr/bin/msgfmt
configure:13389: checking for xgettext
configure:13416: result: /usr/bin/xgettext
configure:13435: gcc -o conftest -g -O2 -Wall   conftest.c -lm   >&5
configure:13435: $? = 0
configure:13513: checking for catalogs to be installed
configure:13538: result:  cs da de en_GB en_US es fi fr it lt ru th
configure:13772: creating ./config.status

## ---------------------- ##
## Running config.status. ##
## ---------------------- ##

This file was extended by config.status, which was
generated by GNU Autoconf 2.68.  Invocation command line was

  CONFIG_FILES    = 
  CONFIG_HEADERS  = 
  CONFIG_LINKS    = 
  CONFIG_COMMANDS = 
  $ ./config.status 

on diode

config.status:1187: creating Makefile
config.status:1187: creating doc/Makefile
config.status:1187: creating doc/man/gpredict.1
config.status:1187: creating doc/man/Makefile
config.status:1187: creating src/Makefile
config.status:1187: creating src/sgpsdp/Makefile
config.status:1187: creating src/sgpsdp/TR/Makefile
config.status:1187: creating pixmaps/Makefile
config.status:1187: creating pixmaps/maps/Makefile
config.status:1187: creating pixmaps/icons/Makefile
config.status:1187: creating data/Makefile
config.status:1187: creating data/desktop/Makefile
config.status:1187: creating data/satdata/Makefile
config.status:1187: creating data/trsp/Makefile
config.status:1187: creating po/Makefile.in
config.status:1187: creating build-config.h
config.status:1368: build-config.h is unchanged
config.status:1416: executing depfiles commands
config.status:1416: executing libtool commands
config.status:1416: executing default-1 commands
config.status:1416: executing po/stamp-it commands

## ---------------- ##
## Cache variables. ##
## ---------------- ##

ac_cv_build=i686-pc-linux-gnu
ac_cv_c_compiler_gnu=yes
ac_cv_env_CC_set=
ac_cv_env_CC_value=
ac_cv_env_CFLAGS_set=
ac_cv_env_CFLAGS_value=
ac_cv_env_CPPFLAGS_set=
ac_cv_env_CPPFLAGS_value=
ac_cv_env_CPP_set=
ac_cv_env_CPP_value=
ac_cv_env_LDFLAGS_set=
ac_cv_env_LDFLAGS_value=
ac_cv_env_LIBS_set=
ac_cv_env_LIBS_value=
ac_cv_env_PACKAGE_CFLAGS_set=
ac_cv_env_PACKAGE_CFLAGS_value=
ac_cv_env_PACKAGE_LIBS_set=
ac_cv_env_PACKAGE_LIBS_value=
ac_cv_env_PKG_CONFIG_LIBDIR_set=
ac_cv_env_PKG_CONFIG_LIBDIR_value=
ac_cv_env_PKG_CONFIG_PATH_set=
ac_cv_env_PKG_CONFIG_PATH_value=
ac_cv_env_PKG_CONFIG_set=
ac_cv_env_PKG_CONFIG_value=
ac_cv_env_build_alias_set=
ac_cv_env_build_alias_value=
ac_cv_env_host_alias_set=
ac_cv_env_host_alias_value=
ac_cv_env_target_alias_set=
ac_cv_env_target_alias_value=
ac_cv_func_bind_textdomain_codeset=yes
ac_cv_func_dcgettext=yes
ac_cv_header_dlfcn_h=yes
ac_cv_header_getopt_h=yes
ac_cv_header_inttypes_h=yes
ac_cv_header_libintl_h=yes
ac_cv_header_locale_h=yes
ac_cv_header_memory_h=yes
ac_cv_header_stdc=yes
ac_cv_header_stdint_h=yes
ac_cv_header_stdlib_h=yes
ac_cv_header_string_h=yes
ac_cv_header_strings_h=yes
ac_cv_header_sys_stat_h=yes
ac_cv_header_sys_time_h=yes
ac_cv_header_sys_types_h=yes
ac_cv_header_unistd_h=yes
ac_cv_host=i686-pc-linux-gnu
ac_cv_lib_m_sin=yes
ac_cv_objext=o
ac_cv_path_EGREP='/bin/grep -E'
ac_cv_path_FGREP='/bin/grep -F'
ac_cv_path_GMSGFMT=/usr/bin/msgfmt
ac_cv_path_GREP=/bin/grep
ac_cv_path_INTLTOOL_EXTRACT=/usr/bin/intltool-extract
ac_cv_path_INTLTOOL_MERGE=/usr/bin/intltool-merge
ac_cv_path_INTLTOOL_PERL=/usr/bin/perl
ac_cv_path_INTLTOOL_UPDATE=/usr/bin/intltool-update
ac_cv_path_MSGFMT=/usr/bin/msgfmt
ac_cv_path_MSGMERGE=/usr/bin/msgmerge
ac_cv_path_SED=/bin/sed
ac_cv_path_XGETTEXT=/usr/bin/xgettext
ac_cv_path_ac_pt_PKG_CONFIG=/usr/bin/pkg-config
ac_cv_path_install='/usr/bin/install -c'
ac_cv_path_mkdir=/bin/mkdir
ac_cv_prog_AWK=mawk
ac_cv_prog_CPP='gcc -E'
ac_cv_prog_ac_ct_AR=ar
ac_cv_prog_ac_ct_CC=gcc
ac_cv_prog_ac_ct_MANIFEST_TOOL=mt
ac_cv_prog_ac_ct_OBJDUMP=objdump
ac_cv_prog_ac_ct_RANLIB=ranlib
ac_cv_prog_ac_ct_STRIP=strip
ac_cv_prog_cc_c89=
ac_cv_prog_cc_g=yes
ac_cv_prog_make_make_set=yes
ac_cv_search_strerror='none required'
am_cv_CC_dependencies_compiler_type=gcc3
am_cv_val_LC_MESSAGES=yes
gt_cv_func_dgettext_libc=yes
gt_cv_func_dgettext_libintl=no
gt_cv_func_ngettext_libc=yes
gt_cv_have_gettext=yes
lt_cv_ar_at_file=@
lt_cv_archive_cmds_need_lc=no
lt_cv_deplibs_check_method=pass_all
lt_cv_file_magic_cmd='$MAGIC_CMD'
lt_cv_file_magic_test_file=
lt_cv_ld_reload_flag=-r
lt_cv_nm_interface='BSD nm'
lt_cv_objdir=.libs
lt_cv_path_LD=/usr/bin/ld
lt_cv_path_NM='/usr/bin/nm -B'
lt_cv_path_mainfest_tool=no
lt_cv_prog_compiler_c_o=yes
lt_cv_prog_compiler_pic='-fPIC -DPIC'
lt_cv_prog_compiler_pic_works=yes
lt_cv_prog_compiler_rtti_exceptions=no
lt_cv_prog_compiler_static_works=yes
lt_cv_prog_gnu_ld=yes
lt_cv_sharedlib_from_linklib_cmd='printf %s\n'
lt_cv_shlibpath_overrides_runpath=no
lt_cv_sys_global_symbol_pipe='sed -n -e '\''s/^.*[	 ]\([ABCDGIRSTW][ABCDGIRSTW]*\)[	 ][	 ]*\([_A-Za-z][_A-Za-z0-9]*\)$/\1 \2 \2/p'\'' | sed '\''/ __gnu_lto/d'\'''
lt_cv_sys_global_symbol_to_c_name_address='sed -n -e '\''s/^: \([^ ]*\)[ ]*$/  {\"\1\", (void *) 0},/p'\'' -e '\''s/^[ABCDGIRSTW]* \([^ ]*\) \([^ ]*\)$/  {"\2", (void *) \&\2},/p'\'''
lt_cv_sys_global_symbol_to_c_name_address_lib_prefix='sed -n -e '\''s/^: \([^ ]*\)[ ]*$/  {\"\1\", (void *) 0},/p'\'' -e '\''s/^[ABCDGIRSTW]* \([^ ]*\) \(lib[^ ]*\)$/  {"\2", (void *) \&\2},/p'\'' -e '\''s/^[ABCDGIRSTW]* \([^ ]*\) \([^ ]*\)$/  {"lib\2", (void *) \&\2},/p'\'''
lt_cv_sys_global_symbol_to_cdecl='sed -n -e '\''s/^T .* \(.*\)$/extern int \1();/p'\'' -e '\''s/^[ABCDGIRSTW]* .* \(.*\)$/extern char \1;/p'\'''
lt_cv_sys_max_cmd_len=1572864
lt_cv_to_host_file_cmd=func_convert_file_noop
lt_cv_to_tool_file_cmd=func_convert_file_noop
pkg_cv_PACKAGE_CFLAGS='-pthread -I/usr/include/gtk-2.0 -I/usr/lib/gtk-2.0/include -I/usr/include/atk-1.0 -I/usr/include/cairo -I/usr/include/gdk-pixbuf-2.0 -I/usr/include/pango-1.0 -I/usr/include/gio-unix-2.0/ -I/usr/include/glib-2.0 -I/usr/lib/glib-2.0/include -I/usr/include/pixman-1 -I/usr/include/freetype2 -I/usr/include/libpng12 -I/usr/include/goocanvas-1.0  '
pkg_cv_PACKAGE_LIBS='-pthread -lgoocanvas -lgtk-x11-2.0 -lgdk-x11-2.0 -latk-1.0 -lgio-2.0 -lpangoft2-1.0 -lpangocairo-1.0 -lgdk_pixbuf-2.0 -lm -lcairo -lpango-1.0 -lfreetype -lfontconfig -lgobject-2.0 -lgmodule-2.0 -lgthread-2.0 -lrt -lglib-2.0 -lcurl -llo -lpthread  '

## ----------------- ##
## Output variables. ##
## ----------------- ##

ACLOCAL='${SHELL} /home/zako/Apps/gpredict-1.3/missing --run aclocal-1.11'
ALL_LINGUAS='cs da de en_GB en_US es fi fr it lt ru th'
AMDEPBACKSLASH='\'
AMDEP_FALSE='#'
AMDEP_TRUE=''
AMTAR='${SHELL} /home/zako/Apps/gpredict-1.3/missing --run tar'
AR='ar'
AUTOCONF='${SHELL} /home/zako/Apps/gpredict-1.3/missing --run autoconf'
AUTOHEADER='${SHELL} /home/zako/Apps/gpredict-1.3/missing --run autoheader'
AUTOMAKE='${SHELL} /home/zako/Apps/gpredict-1.3/missing --run automake-1.11'
AWK='mawk'
CATALOGS=' cs.gmo da.gmo de.gmo en_GB.gmo en_US.gmo es.gmo fi.gmo fr.gmo it.gmo lt.gmo ru.gmo th.gmo'
CATOBJEXT='.gmo'
CC='gcc'
CCDEPMODE='depmode=gcc3'
CFLAGS='-g -O2 -Wall'
CPP='gcc -E'
CPPFLAGS=''
CYGPATH_W='echo'
DATADIRNAME='share'
DEFS='-DHAVE_CONFIG_H'
DEPDIR='.deps'
DLLTOOL='false'
DSYMUTIL=''
DUMPBIN=''
ECHO_C=''
ECHO_N='-n'
ECHO_T=''
EGREP='/bin/grep -E'
EXEEXT=''
FGREP='/bin/grep -F'
GETTEXT_PACKAGE='gpredict'
GMOFILES=' cs.gmo da.gmo de.gmo en_GB.gmo en_US.gmo es.gmo fi.gmo fr.gmo it.gmo lt.gmo ru.gmo th.gmo'
GMSGFMT='/usr/bin/msgfmt'
GREP='/bin/grep'
INSTALL_DATA='${INSTALL} -m 644'
INSTALL_PROGRAM='${INSTALL}'
INSTALL_SCRIPT='${INSTALL}'
INSTALL_STRIP_PROGRAM='$(install_sh) -c -s'
INSTOBJEXT='.mo'
INTLLIBS=''
INTLTOOL_CAVES_RULE='%.caves:     %.caves.in     $(INTLTOOL_MERGE) $(wildcard $(top_srcdir)/po/*.po) ; LC_ALL=C $(INTLTOOL_MERGE) -d -u -c $(top_builddir)/po/.intltool-merge-cache $(top_srcdir)/po $< $@'
INTLTOOL_DESKTOP_RULE='%.desktop:   %.desktop.in   $(INTLTOOL_MERGE) $(wildcard $(top_srcdir)/po/*.po) ; LC_ALL=C $(INTLTOOL_MERGE) -d -u -c $(top_builddir)/po/.intltool-merge-cache $(top_srcdir)/po $< $@'
INTLTOOL_DIRECTORY_RULE='%.directory: %.directory.in $(INTLTOOL_MERGE) $(wildcard $(top_srcdir)/po/*.po) ; LC_ALL=C $(INTLTOOL_MERGE) -d -u -c $(top_builddir)/po/.intltool-merge-cache $(top_srcdir)/po $< $@'
INTLTOOL_EXTRACT='/usr/bin/intltool-extract'
INTLTOOL_KBD_RULE='%.kbd:       %.kbd.in       $(INTLTOOL_MERGE) $(wildcard $(top_srcdir)/po/*.po) ; LC_ALL=C $(INTLTOOL_MERGE) -x -u -m -c $(top_builddir)/po/.intltool-merge-cache $(top_srcdir)/po $< $@'
INTLTOOL_KEYS_RULE='%.keys:      %.keys.in      $(INTLTOOL_MERGE) $(wildcard $(top_srcdir)/po/*.po) ; LC_ALL=C $(INTLTOOL_MERGE) -k -u -c $(top_builddir)/po/.intltool-merge-cache $(top_srcdir)/po $< $@'
INTLTOOL_MERGE='/usr/bin/intltool-merge'
INTLTOOL_OAF_RULE='%.oaf:       %.oaf.in       $(INTLTOOL_MERGE) $(wildcard $(top_srcdir)/po/*.po) ; LC_ALL=C $(INTLTOOL_MERGE) -o -p $(top_srcdir)/po $< $@'
INTLTOOL_PERL='/usr/bin/perl'
INTLTOOL_POLICY_RULE='%.policy:    %.policy.in    $(INTLTOOL_MERGE) $(wildcard $(top_srcdir)/po/*.po) ; LC_ALL=C $(INTLTOOL_MERGE) -x -u -c $(top_builddir)/po/.intltool-merge-cache $(top_srcdir)/po $< $@'
INTLTOOL_PONG_RULE='%.pong:      %.pong.in      $(INTLTOOL_MERGE) $(wildcard $(top_srcdir)/po/*.po) ; LC_ALL=C $(INTLTOOL_MERGE) -x -u -c $(top_builddir)/po/.intltool-merge-cache $(top_srcdir)/po $< $@'
INTLTOOL_PROP_RULE='%.prop:      %.prop.in      $(INTLTOOL_MERGE) $(wildcard $(top_srcdir)/po/*.po) ; LC_ALL=C $(INTLTOOL_MERGE) -d -u -c $(top_builddir)/po/.intltool-merge-cache $(top_srcdir)/po $< $@'
INTLTOOL_SCHEMAS_RULE='%.schemas:   %.schemas.in   $(INTLTOOL_MERGE) $(wildcard $(top_srcdir)/po/*.po) ; LC_ALL=C $(INTLTOOL_MERGE) -s -u -c $(top_builddir)/po/.intltool-merge-cache $(top_srcdir)/po $< $@'
INTLTOOL_SERVER_RULE='%.server:    %.server.in    $(INTLTOOL_MERGE) $(wildcard $(top_srcdir)/po/*.po) ; LC_ALL=C $(INTLTOOL_MERGE) -o -u -c $(top_builddir)/po/.intltool-merge-cache $(top_srcdir)/po $< $@'
INTLTOOL_SERVICE_RULE='%.service: %.service.in   $(INTLTOOL_MERGE) $(wildcard $(top_srcdir)/po/*.po) ; LC_ALL=C $(INTLTOOL_MERGE) -d -u -c $(top_builddir)/po/.intltool-merge-cache $(top_srcdir)/po $< $@'
INTLTOOL_SHEET_RULE='%.sheet:     %.sheet.in     $(INTLTOOL_MERGE) $(wildcard $(top_srcdir)/po/*.po) ; LC_ALL=C $(INTLTOOL_MERGE) -x -u -c $(top_builddir)/po/.intltool-merge-cache $(top_srcdir)/po $< $@'
INTLTOOL_SOUNDLIST_RULE='%.soundlist: %.soundlist.in $(INTLTOOL_MERGE) $(wildcard $(top_srcdir)/po/*.po) ; LC_ALL=C $(INTLTOOL_MERGE) -d -u -c $(top_builddir)/po/.intltool-merge-cache $(top_srcdir)/po $< $@'
INTLTOOL_THEME_RULE='%.theme:     %.theme.in     $(INTLTOOL_MERGE) $(wildcard $(top_srcdir)/po/*.po) ; LC_ALL=C $(INTLTOOL_MERGE) -d -u -c $(top_builddir)/po/.intltool-merge-cache $(top_srcdir)/po $< $@'
INTLTOOL_UI_RULE='%.ui:        %.ui.in        $(INTLTOOL_MERGE) $(wildcard $(top_srcdir)/po/*.po) ; LC_ALL=C $(INTLTOOL_MERGE) -x -u -c $(top_builddir)/po/.intltool-merge-cache $(top_srcdir)/po $< $@'
INTLTOOL_UPDATE='/usr/bin/intltool-update'
INTLTOOL_XAM_RULE='%.xam:       %.xml.in       $(INTLTOOL_MERGE) $(wildcard $(top_srcdir)/po/*.po) ; LC_ALL=C $(INTLTOOL_MERGE) -x -u -c $(top_builddir)/po/.intltool-merge-cache $(top_srcdir)/po $< $@'
INTLTOOL_XML_NOMERGE_RULE='%.xml:       %.xml.in       $(INTLTOOL_MERGE) ; LC_ALL=C $(INTLTOOL_MERGE) -x -u /tmp $< $@'
INTLTOOL_XML_RULE='%.xml:       %.xml.in       $(INTLTOOL_MERGE) $(wildcard $(top_srcdir)/po/*.po) ; LC_ALL=C $(INTLTOOL_MERGE) -x -u -c $(top_builddir)/po/.intltool-merge-cache $(top_srcdir)/po $< $@'
LD='/usr/bin/ld'
LDFLAGS=''
LIBOBJS=''
LIBS='-lm '
LIBTOOL='$(SHELL) $(top_builddir)/libtool'
LIPO=''
LN_S='ln -s'
LTLIBOBJS=''
MAINT='#'
MAINTAINER_MODE_FALSE=''
MAINTAINER_MODE_TRUE='#'
MAKEINFO='${SHELL} /home/zako/Apps/gpredict-1.3/missing --run makeinfo'
MANIFEST_TOOL=':'
MKDIR_P='/bin/mkdir -p'
MKINSTALLDIRS='./mkinstalldirs'
MSGFMT='/usr/bin/msgfmt'
MSGFMT_OPTS='-c'
MSGMERGE='/usr/bin/msgmerge'
NM='/usr/bin/nm -B'
NMEDIT=''
OBJDUMP='objdump'
OBJEXT='o'
OTOOL64=''
OTOOL=''
PACKAGE='gpredict'
PACKAGE_BUGREPORT=''
PACKAGE_CFLAGS='-pthread -I/usr/include/gtk-2.0 -I/usr/lib/gtk-2.0/include -I/usr/include/atk-1.0 -I/usr/include/cairo -I/usr/include/gdk-pixbuf-2.0 -I/usr/include/pango-1.0 -I/usr/include/gio-unix-2.0/ -I/usr/include/glib-2.0 -I/usr/lib/glib-2.0/include -I/usr/include/pixman-1 -I/usr/include/freetype2 -I/usr/include/libpng12 -I/usr/include/goocanvas-1.0  '
PACKAGE_LIBS='-pthread -lgoocanvas -lgtk-x11-2.0 -lgdk-x11-2.0 -latk-1.0 -lgio-2.0 -lpangoft2-1.0 -lpangocairo-1.0 -lgdk_pixbuf-2.0 -lm -lcairo -lpango-1.0 -lfreetype -lfontconfig -lgobject-2.0 -lgmodule-2.0 -lgthread-2.0 -lrt -lglib-2.0 -lcurl -llo -lpthread  '
PACKAGE_NAME=''
PACKAGE_STRING=''
PACKAGE_TARNAME=''
PACKAGE_URL=''
PACKAGE_VERSION=''
PATH_SEPARATOR=':'
PKG_CONFIG='/usr/bin/pkg-config'
PKG_CONFIG_LIBDIR=''
PKG_CONFIG_PATH=''
POFILES=' cs.po da.po de.po en_GB.po en_US.po es.po fi.po fr.po it.po lt.po ru.po th.po'
POSUB='po'
PO_IN_DATADIR_FALSE=''
PO_IN_DATADIR_TRUE=''
RANLIB='ranlib'
SED='/bin/sed'
SET_MAKE=''
SHELL='/bin/bash'
STRIP='strip'
UPDATE_CACHES_FALSE=''
UPDATE_CACHES_TRUE='#'
USE_NLS='yes'
VERSION='1.3'
XGETTEXT='/usr/bin/xgettext'
ac_ct_AR='ar'
ac_ct_CC='gcc'
ac_ct_DUMPBIN=''
am__EXEEXT_FALSE=''
am__EXEEXT_TRUE='#'
am__fastdepCC_FALSE='#'
am__fastdepCC_TRUE=''
am__include='include'
am__isrc=''
am__leading_dot='.'
am__quote=''
am__tar='${AMTAR} chof - "$$tardir"'
am__untar='${AMTAR} xf -'
bindir='${exec_prefix}/bin'
build='i686-pc-linux-gnu'
build_alias=''
build_cpu='i686'
build_os='linux-gnu'
build_vendor='pc'
datadir='${datarootdir}'
datarootdir='${prefix}/share'
docdir='${datarootdir}/doc/${PACKAGE}'
dvidir='${docdir}'
exec_prefix='${prefix}'
host='i686-pc-linux-gnu'
host_alias=''
host_cpu='i686'
host_os='linux-gnu'
host_vendor='pc'
htmldir='${docdir}'
includedir='${prefix}/include'
infodir='${datarootdir}/info'
install_sh='${SHELL} /home/zako/Apps/gpredict-1.3/install-sh'
libdir='${exec_prefix}/lib'
libexecdir='${exec_prefix}/libexec'
localedir='${datarootdir}/locale'
localstatedir='${prefix}/var'
mandir='${datarootdir}/man'
mkdir_p='/bin/mkdir -p'
oldincludedir='/usr/include'
pdfdir='${docdir}'
prefix='/usr/local'
program_transform_name='s,x,x,'
psdir='${docdir}'
sbindir='${exec_prefix}/sbin'
sharedstatedir='${prefix}/com'
sysconfdir='${prefix}/etc'
target_alias=''

## ----------- ##
## confdefs.h. ##
## ----------- ##

/* confdefs.h */
#define PACKAGE_NAME ""
#define PACKAGE_TARNAME ""
#define PACKAGE_VERSION ""
#define PACKAGE_STRING ""
#define PACKAGE_BUGREPORT ""
#define PACKAGE_URL ""
#define PACKAGE "gpredict"
#define VERSION "1.3"
#define STDC_HEADERS 1
#define HAVE_SYS_TYPES_H 1
#define HAVE_SYS_STAT_H 1
#define HAVE_STDLIB_H 1
#define HAVE_STRING_H 1
#define HAVE_MEMORY_H 1
#define HAVE_STRINGS_H 1
#define HAVE_INTTYPES_H 1
#define HAVE_STDINT_H 1
#define HAVE_UNISTD_H 1
#define HAVE_DLFCN_H 1
#define LT_OBJDIR ".libs/"
#define HAVE_SYS_TIME_H 1
#define HAVE_UNISTD_H 1
#define HAVE_GETOPT_H 1
#define HAVE_LIBM 1
#define HAVE_LOCALE_H 1
#define HAVE_LC_MESSAGES 1
#define HAVE_BIND_TEXTDOMAIN_CODESET 1
#define HAVE_GETTEXT 1
#define HAVE_DCGETTEXT 1
#define ENABLE_NLS 1
#define GETTEXT_PACKAGE "gpredict"

configure: exit 0

## ---------------------- ##
## Running config.status. ##
## ---------------------- ##

This file was extended by config.status, which was
generated by GNU Autoconf 2.68.  Invocation command line was

  CONFIG_FILES    = 
  CONFIG_HEADERS  = 
  CONFIG_LINKS    = 
  CONFIG_COMMANDS = 
  $ ./config.status doc/man/gpredict.1

on diode

config.status:1187: creating doc/man/gpredict.1
